# JRE version: Java(TM) SE Runtime Environment (8.0_333-b02) (build 1.8.0_333-b02)
# Java VM: Java HotSpot(TM) 64-Bit Server VM (25.333-b02 mixed mode windows-amd64 compressed oops)
Heap:
 PSYoungGen      total 188416K, used 103014K [0x00000000d6400000, 0x00000000e3a80000, 0x0000000100000000)
  eden space 172544K, 59% used [0x00000000d6400000,0x00000000dc8998e0,0x00000000e0c80000)
  from space 15872K, 0% used [0x00000000e2000000,0x00000000e2000000,0x00000000e2f80000)
  to   space 19968K, 0% used [0x00000000e0c80000,0x00000000e0c80000,0x00000000e2000000)
 ParOldGen       total 93696K, used 20058K [0x0000000082c00000, 0x0000000088780000, 0x00000000d6400000)
  object space 93696K, 21% used [0x0000000082c00000,0x0000000083f96990,0x0000000088780000)
 Metaspace       used 39705K, capacity 41750K, committed 41944K, reserved 1085440K
  class space    used 4964K, capacity 5315K, committed 5376K, reserved 1048576K
GC Heap History (10 events):
Event: 2.252 GC heap before
{Heap before GC invocations=8 (full 1):
 PSYoungGen      total 114688K, used 112925K [0x00000000d6400000, 0x00000000ddd00000, 0x0000000100000000)
  eden space 105984K, 100% used [0x00000000d6400000,0x00000000dcb80000,0x00000000dcb80000)
  from space 8704K, 79% used [0x00000000dd400000,0x00000000ddac7738,0x00000000ddc80000)
  to   space 8704K, 0% used [0x00000000dcb80000,0x00000000dcb80000,0x00000000dd400000)
 ParOldGen       total 55296K, used 6992K [0x0000000082c00000, 0x0000000086200000, 0x00000000d6400000)
  object space 55296K, 12% used [0x0000000082c00000,0x00000000832d4230,0x0000000086200000)
 Metaspace       used 22178K, capacity 23124K, committed 23296K, reserved 1069056K
  class space    used 2746K, capacity 2946K, committed 3072K, reserved 1048576K
Event: 2.270 GC heap after
Heap after GC invocations=8 (full 1):
 PSYoungGen      total 114688K, used 8696K [0x00000000d6400000, 0x00000000e2f80000, 0x0000000100000000)
  eden space 105984K, 0% used [0x00000000d6400000,0x00000000d6400000,0x00000000dcb80000)
  from space 8704K, 99% used [0x00000000dcb80000,0x00000000dd3fe268,0x00000000dd400000)
  to   space 15872K, 0% used [0x00000000e2000000,0x00000000e2000000,0x00000000e2f80000)
 ParOldGen       total 55296K, used 20046K [0x0000000082c00000, 0x0000000086200000, 0x00000000d6400000)
  object space 55296K, 36% used [0x0000000082c00000,0x0000000083f939d8,0x0000000086200000)
 Metaspace       used 22178K, capacity 23124K, committed 23296K, reserved 1069056K
  class space    used 2746K, capacity 2946K, committed 3072K, reserved 1048576K
}
Event: 2.591 GC heap before
{Heap before GC invocations=9 (full 1):
 PSYoungGen      total 114688K, used 114680K [0x00000000d6400000, 0x00000000e2f80000, 0x0000000100000000)
  eden space 105984K, 100% used [0x00000000d6400000,0x00000000dcb80000,0x00000000dcb80000)
  from space 8704K, 99% used [0x00000000dcb80000,0x00000000dd3fe268,0x00000000dd400000)
  to   space 15872K, 0% used [0x00000000e2000000,0x00000000e2000000,0x00000000e2f80000)
 ParOldGen       total 55296K, used 20046K [0x0000000082c00000, 0x0000000086200000, 0x00000000d6400000)
  object space 55296K, 36% used [0x0000000082c00000,0x0000000083f939d8,0x0000000086200000)
 Metaspace       used 22211K, capacity 23188K, committed 23552K, reserved 1069056K
  class space    used 2754K, capacity 2946K, committed 3072K, reserved 1048576K
Event: 2.605 GC heap after
Heap after GC invocations=9 (full 1):
 PSYoungGen      total 188416K, used 15851K [0x00000000d6400000, 0x00000000e3a80000, 0x0000000100000000)
  eden space 172544K, 0% used [0x00000000d6400000,0x00000000d6400000,0x00000000e0c80000)
  from space 15872K, 99% used [0x00000000e2000000,0x00000000e2f7af48,0x00000000e2f80000)
  to   space 19968K, 0% used [0x00000000e0c80000,0x00000000e0c80000,0x00000000e2000000)
 ParOldGen       total 55296K, used 24196K [0x0000000082c00000, 0x0000000086200000, 0x00000000d6400000)
  object space 55296K, 43% used [0x0000000082c00000,0x00000000843a1378,0x0000000086200000)
 Metaspace       used 22211K, capacity 23188K, committed 23552K, reserved 1069056K
  class space    used 2754K, capacity 2946K, committed 3072K, reserved 1048576K
}
Event: 3.849 GC heap before
{Heap before GC invocations=10 (full 1):
 PSYoungGen      total 188416K, used 188395K [0x00000000d6400000, 0x00000000e3a80000, 0x0000000100000000)
  eden space 172544K, 100% used [0x00000000d6400000,0x00000000e0c80000,0x00000000e0c80000)
  from space 15872K, 99% used [0x00000000e2000000,0x00000000e2f7af48,0x00000000e2f80000)
  to   space 19968K, 0% used [0x00000000e0c80000,0x00000000e0c80000,0x00000000e2000000)
 ParOldGen       total 55296K, used 24196K [0x0000000082c00000, 0x0000000086200000, 0x00000000d6400000)
  object space 55296K, 43% used [0x0000000082c00000,0x00000000843a1378,0x0000000086200000)
 Metaspace       used 31463K, capacity 33016K, committed 33408K, reserved 1079296K
  class space    used 3844K, capacity 4146K, committed 4224K, reserved 1048576K
Event: 3.871 GC heap after
Heap after GC invocations=10 (full 1):
 PSYoungGen      total 192512K, used 19967K [0x00000000d6400000, 0x00000000e3a80000, 0x0000000100000000)
  eden space 172544K, 0% used [0x00000000d6400000,0x00000000d6400000,0x00000000e0c80000)
  from space 19968K, 99% used [0x00000000e0c80000,0x00000000e1fffec8,0x00000000e2000000)
  to   space 15872K, 0% used [0x00000000e2000000,0x00000000e2000000,0x00000000e2f80000)
 ParOldGen       total 55296K, used 34233K [0x0000000082c00000, 0x0000000086200000, 0x00000000d6400000)
  object space 55296K, 61% used [0x0000000082c00000,0x0000000084d6e740,0x0000000086200000)
 Metaspace       used 31463K, capacity 33016K, committed 33408K, reserved 1079296K
  class space    used 3844K, capacity 4146K, committed 4224K, reserved 1048576K
}
Event: 4.163 GC heap before
{Heap before GC invocations=11 (full 1):
 PSYoungGen      total 192512K, used 45060K [0x00000000d6400000, 0x00000000e3a80000, 0x0000000100000000)
  eden space 172544K, 14% used [0x00000000d6400000,0x00000000d7c81370,0x00000000e0c80000)
  from space 19968K, 99% used [0x00000000e0c80000,0x00000000e1fffec8,0x00000000e2000000)
  to   space 15872K, 0% used [0x00000000e2000000,0x00000000e2000000,0x00000000e2f80000)
 ParOldGen       total 55296K, used 34233K [0x0000000082c00000, 0x0000000086200000, 0x00000000d6400000)
  object space 55296K, 61% used [0x0000000082c00000,0x0000000084d6e740,0x0000000086200000)
 Metaspace       used 33638K, capacity 35316K, committed 35416K, reserved 1081344K
  class space    used 4140K, capacity 4440K, committed 4480K, reserved 1048576K
Event: 4.169 GC heap after
Heap after GC invocations=11 (full 1):
 PSYoungGen      total 188416K, used 8432K [0x00000000d6400000, 0x00000000e3a80000, 0x0000000100000000)
  eden space 172544K, 0% used [0x00000000d6400000,0x00000000d6400000,0x00000000e0c80000)
  from space 15872K, 53% used [0x00000000e2000000,0x00000000e283c310,0x00000000e2f80000)
  to   space 19968K, 0% used [0x00000000e0c80000,0x00000000e0c80000,0x00000000e2000000)
 ParOldGen       total 55296K, used 36817K [0x0000000082c00000, 0x0000000086200000, 0x00000000d6400000)
  object space 55296K, 66% used [0x0000000082c00000,0x0000000084ff4760,0x0000000086200000)
 Metaspace       used 33638K, capacity 35316K, committed 35416K, reserved 1081344K
  class space    used 4140K, capacity 4440K, committed 4480K, reserved 1048576K
}
Event: 4.169 GC heap before
{Heap before GC invocations=12 (full 2):
 PSYoungGen      total 188416K, used 8432K [0x00000000d6400000, 0x00000000e3a80000, 0x0000000100000000)
  eden space 172544K, 0% used [0x00000000d6400000,0x00000000d6400000,0x00000000e0c80000)
  from space 15872K, 53% used [0x00000000e2000000,0x00000000e283c310,0x00000000e2f80000)
  to   space 19968K, 0% used [0x00000000e0c80000,0x00000000e0c80000,0x00000000e2000000)
 ParOldGen       total 55296K, used 36817K [0x0000000082c00000, 0x0000000086200000, 0x00000000d6400000)
  object space 55296K, 66% used [0x0000000082c00000,0x0000000084ff4760,0x0000000086200000)
 Metaspace       used 33638K, capacity 35316K, committed 35416K, reserved 1081344K
  class space    used 4140K, capacity 4440K, committed 4480K, reserved 1048576K
Event: 4.221 GC heap after
Heap after GC invocations=12 (full 2):
 PSYoungGen      total 188416K, used 0K [0x00000000d6400000, 0x00000000e3a80000, 0x0000000100000000)
  eden space 172544K, 0% used [0x00000000d6400000,0x00000000d6400000,0x00000000e0c80000)
  from space 15872K, 0% used [0x00000000e2000000,0x00000000e2000000,0x00000000e2f80000)
  to   space 19968K, 0% used [0x00000000e0c80000,0x00000000e0c80000,0x00000000e2000000)
 ParOldGen       total 93696K, used 20058K [0x0000000082c00000, 0x0000000088780000, 0x00000000d6400000)
  object space 93696K, 21% used [0x0000000082c00000,0x0000000083f96990,0x0000000088780000)
 Metaspace       used 33638K, capacity 35316K, committed 35416K, reserved 1081344K
  class space    used 4140K, capacity 4440K, committed 4480K, reserved 1048576K
}

